TN:
SF:src/App.js
FN:13,App
FN:34,(anonymous_1)
FN:39,(anonymous_2)
FN:48,(anonymous_3)
FN:58,(anonymous_4)
FN:73,(anonymous_5)
FN:81,(anonymous_6)
FN:89,(anonymous_7)
FN:93,(anonymous_8)
FN:98,(anonymous_9)
FN:103,(anonymous_10)
FN:108,(anonymous_11)
FN:113,(anonymous_12)
FN:116,(anonymous_13)
FN:116,(anonymous_14)
FN:146,(anonymous_15)
FN:155,(anonymous_16)
FN:157,(anonymous_17)
FN:157,(anonymous_18)
FN:185,(anonymous_19)
FN:193,(anonymous_20)
FN:200,(anonymous_21)
FN:207,(anonymous_22)
FNF:23
FNH:3
FNDA:4,App
FNDA:2,(anonymous_1)
FNDA:0,(anonymous_2)
FNDA:0,(anonymous_3)
FNDA:140,(anonymous_4)
FNDA:0,(anonymous_5)
FNDA:0,(anonymous_6)
FNDA:0,(anonymous_7)
FNDA:0,(anonymous_8)
FNDA:0,(anonymous_9)
FNDA:0,(anonymous_10)
FNDA:0,(anonymous_11)
FNDA:0,(anonymous_12)
FNDA:0,(anonymous_13)
FNDA:0,(anonymous_14)
FNDA:0,(anonymous_15)
FNDA:0,(anonymous_16)
FNDA:0,(anonymous_17)
FNDA:0,(anonymous_18)
FNDA:0,(anonymous_19)
FNDA:0,(anonymous_20)
FNDA:0,(anonymous_21)
FNDA:0,(anonymous_22)
DA:14,4
DA:15,4
DA:16,4
DA:17,4
DA:18,4
DA:21,4
DA:22,4
DA:23,4
DA:24,4
DA:27,4
DA:28,4
DA:29,4
DA:31,4
DA:34,4
DA:35,2
DA:38,2
DA:39,0
DA:40,0
DA:47,2
DA:48,0
DA:50,0
DA:51,0
DA:53,0
DA:58,2
DA:59,140
DA:61,0
DA:63,0
DA:66,140
DA:70,2
DA:73,4
DA:74,0
DA:76,0
DA:77,0
DA:81,4
DA:82,0
DA:84,0
DA:85,0
DA:89,4
DA:90,0
DA:93,4
DA:94,0
DA:95,0
DA:98,4
DA:99,0
DA:100,0
DA:103,4
DA:104,0
DA:105,0
DA:108,4
DA:109,0
DA:110,0
DA:113,4
DA:114,0
DA:116,0
DA:117,0
DA:131,0
DA:134,0
DA:146,0
DA:147,0
DA:150,0
DA:151,0
DA:152,0
DA:155,4
DA:156,0
DA:157,0
DA:158,0
DA:159,0
DA:160,0
DA:161,0
DA:165,4
DA:185,0
DA:193,0
DA:200,0
DA:207,0
LF:74
LH:31
BRDA:38,0,0,0
BRDA:38,0,1,2
BRDA:40,1,0,0
BRDA:40,1,1,0
BRDA:40,1,2,0
BRDA:47,2,0,0
BRDA:47,2,1,2
BRDA:50,3,0,0
BRDA:50,3,1,0
BRDA:59,4,0,0
BRDA:59,4,1,0
BRDA:59,4,2,140
BRDA:59,4,3,140
BRDA:76,5,0,0
BRDA:76,5,1,0
BRDA:84,6,0,0
BRDA:84,6,1,0
BRDA:114,7,0,0
BRDA:114,7,1,0
BRDA:117,8,0,0
BRDA:117,8,1,0
BRDA:156,9,0,0
BRDA:156,9,1,0
BRDA:188,10,0,0
BRDA:188,10,1,4
BRF:25
BRH:5
end_of_record
TN:
SF:src/components/AddMovieModal/AddMovieModal.jsx
FN:5,(anonymous_0)
FN:21,(anonymous_1)
FN:48,(anonymous_2)
FN:49,(anonymous_3)
FN:55,(anonymous_4)
FN:62,(anonymous_5)
FN:83,(anonymous_6)
FN:91,(anonymous_7)
FN:104,(anonymous_8)
FN:113,(anonymous_9)
FN:128,(anonymous_10)
FN:141,(anonymous_11)
FN:156,(anonymous_12)
FN:171,(anonymous_13)
FN:186,(anonymous_14)
FN:193,(anonymous_15)
FN:198,(anonymous_16)
FN:202,(anonymous_17)
FN:221,(anonymous_18)
FN:233,(anonymous_19)
FNF:20
FNH:2
FNDA:10,(anonymous_0)
FNDA:5,(anonymous_1)
FNDA:0,(anonymous_2)
FNDA:0,(anonymous_3)
FNDA:0,(anonymous_4)
FNDA:0,(anonymous_5)
FNDA:0,(anonymous_6)
FNDA:0,(anonymous_7)
FNDA:0,(anonymous_8)
FNDA:0,(anonymous_9)
FNDA:0,(anonymous_10)
FNDA:0,(anonymous_11)
FNDA:0,(anonymous_12)
FNDA:0,(anonymous_13)
FNDA:0,(anonymous_14)
FNDA:0,(anonymous_15)
FNDA:0,(anonymous_16)
FNDA:0,(anonymous_17)
FNDA:0,(anonymous_18)
FNDA:0,(anonymous_19)
DA:5,3
DA:6,10
DA:16,10
DA:17,10
DA:19,10
DA:21,10
DA:22,5
DA:23,1
DA:24,1
DA:33,4
DA:35,4
DA:45,5
DA:48,10
DA:49,0
DA:54,0
DA:55,0
DA:62,10
DA:63,0
DA:65,0
DA:66,0
DA:67,0
DA:68,0
DA:69,0
DA:70,0
DA:71,0
DA:74,0
DA:75,0
DA:76,0
DA:79,0
DA:80,0
DA:83,10
DA:84,0
DA:85,0
DA:86,0
DA:87,0
DA:91,10
DA:92,0
DA:101,0
DA:104,10
DA:105,0
DA:106,0
DA:109,10
DA:111,4
DA:113,0
DA:128,0
DA:141,0
DA:156,0
DA:171,0
DA:186,0
DA:194,0
DA:199,0
DA:200,0
DA:202,0
DA:203,0
DA:221,0
DA:233,0
LF:56
LH:19
BRDA:5,0,0,4
BRDA:5,1,0,2
BRDA:22,2,0,1
BRDA:22,2,1,4
BRDA:22,3,0,5
BRDA:22,3,1,1
BRDA:25,4,0,1
BRDA:25,4,1,0
BRDA:26,5,0,1
BRDA:26,5,1,0
BRDA:27,6,0,1
BRDA:27,6,1,0
BRDA:28,7,0,1
BRDA:28,7,1,0
BRDA:29,8,0,1
BRDA:29,8,1,0
BRDA:30,9,0,1
BRDA:30,9,1,0
BRDA:31,10,0,1
BRDA:31,10,1,0
BRDA:33,11,0,4
BRDA:33,11,1,0
BRDA:54,12,0,0
BRDA:54,12,1,0
BRDA:65,13,0,0
BRDA:65,13,1,0
BRDA:66,14,0,0
BRDA:66,14,1,0
BRDA:67,15,0,0
BRDA:67,15,1,0
BRDA:68,16,0,0
BRDA:68,16,1,0
BRDA:69,17,0,0
BRDA:69,17,1,0
BRDA:70,18,0,0
BRDA:70,18,1,0
BRDA:71,19,0,0
BRDA:71,19,1,0
BRDA:75,20,0,0
BRDA:75,20,1,0
BRDA:75,21,0,0
BRDA:75,21,1,0
BRDA:75,21,2,0
BRDA:75,21,3,0
BRDA:86,22,0,0
BRDA:86,22,1,0
BRDA:109,23,0,6
BRDA:109,23,1,4
BRDA:115,24,0,2
BRDA:115,24,1,2
BRDA:129,25,0,0
BRDA:129,25,1,4
BRDA:132,26,0,4
BRDA:132,26,1,0
BRDA:142,27,0,0
BRDA:142,27,1,4
BRDA:146,28,0,4
BRDA:146,28,1,0
BRDA:157,29,0,0
BRDA:157,29,1,4
BRDA:160,30,0,4
BRDA:160,30,1,0
BRDA:172,31,0,0
BRDA:172,31,1,4
BRDA:175,32,0,4
BRDA:175,32,1,0
BRDA:185,33,0,0
BRDA:185,33,1,4
BRDA:188,34,0,4
BRDA:188,34,1,3
BRDA:191,35,0,4
BRDA:191,35,1,0
BRDA:199,36,0,0
BRDA:199,36,1,0
BRDA:200,37,0,0
BRDA:200,37,1,0
BRDA:213,38,0,4
BRDA:213,38,1,0
BRDA:222,39,0,0
BRDA:222,39,1,4
BRDA:225,40,0,4
BRDA:225,40,1,0
BRDA:234,41,0,0
BRDA:234,41,1,4
BRDA:238,42,0,4
BRDA:238,42,1,0
BRDA:246,43,0,2
BRDA:246,43,1,2
BRF:88
BRH:37
end_of_record
TN:
SF:src/components/ContextMenu/ContextMenu.jsx
FN:5,(anonymous_0)
FN:8,(anonymous_1)
FN:9,(anonymous_2)
FN:15,(anonymous_3)
FN:24,(anonymous_4)
FN:30,(anonymous_5)
FN:36,(anonymous_6)
FNF:7
FNH:0
FNDA:0,(anonymous_0)
FNDA:0,(anonymous_1)
FNDA:0,(anonymous_2)
FNDA:0,(anonymous_3)
FNDA:0,(anonymous_4)
FNDA:0,(anonymous_5)
FNDA:0,(anonymous_6)
DA:5,4
DA:6,0
DA:8,0
DA:9,0
DA:10,0
DA:11,0
DA:15,0
DA:16,0
DA:17,0
DA:21,0
DA:22,0
DA:24,0
DA:25,0
DA:26,0
DA:30,0
DA:31,0
DA:32,0
DA:33,0
DA:36,0
DA:37,0
DA:38,0
DA:39,0
DA:42,0
LF:23
LH:1
BRDA:10,0,0,0
BRDA:10,0,1,0
BRDA:10,1,0,0
BRDA:10,1,1,0
BRDA:16,2,0,0
BRDA:16,2,1,0
BRF:6
BRH:0
end_of_record
TN:
SF:src/components/DeleteModal/DeleteModal.jsx
FN:5,(anonymous_0)
FN:10,(anonymous_1)
FNF:2
FNH:1
FNDA:4,(anonymous_0)
FNDA:0,(anonymous_1)
DA:5,2
DA:6,4
DA:8,0
DA:10,0
LF:4
LH:2
BRDA:6,0,0,4
BRDA:6,0,1,0
BRDA:20,1,0,0
BRDA:20,1,1,0
BRF:4
BRH:1
end_of_record
TN:
SF:src/components/Header/Header.jsx
FN:4,(anonymous_0)
FNF:1
FNH:1
FNDA:7,(anonymous_0)
DA:4,3
DA:5,7
LF:2
LH:2
BRF:0
BRH:0
end_of_record
TN:
SF:src/components/Icons/Icons.jsx
FN:3,(anonymous_0)
FN:20,(anonymous_1)
FN:36,(anonymous_2)
FN:54,(anonymous_3)
FN:73,(anonymous_4)
FN:89,(anonymous_5)
FN:106,(anonymous_6)
FNF:7
FNH:4
FNDA:4,(anonymous_0)
FNDA:0,(anonymous_1)
FNDA:79,(anonymous_2)
FNDA:4,(anonymous_3)
FNDA:4,(anonymous_4)
FNDA:0,(anonymous_5)
FNDA:0,(anonymous_6)
DA:3,5
DA:4,4
DA:20,5
DA:21,0
DA:36,5
DA:37,79
DA:54,5
DA:55,4
DA:73,5
DA:74,4
DA:89,5
DA:90,0
DA:106,5
DA:107,0
LF:14
LH:11
BRDA:3,0,0,0
BRDA:3,1,0,4
BRDA:20,2,0,0
BRDA:20,3,0,0
BRDA:36,4,0,0
BRDA:36,5,0,79
BRDA:54,6,0,0
BRDA:54,7,0,0
BRDA:73,8,0,0
BRDA:73,9,0,4
BRDA:89,10,0,0
BRDA:89,11,0,0
BRDA:106,12,0,0
BRDA:106,13,0,0
BRF:14
BRH:3
end_of_record
TN:
SF:src/components/MovieCard/MovieCard.jsx
FN:6,(anonymous_0)
FN:10,(anonymous_1)
FN:14,(anonymous_2)
FN:22,(anonymous_3)
FN:28,(anonymous_4)
FN:34,(anonymous_5)
FN:40,(anonymous_6)
FNF:7
FNH:1
FNDA:79,(anonymous_0)
FNDA:0,(anonymous_1)
FNDA:0,(anonymous_2)
FNDA:0,(anonymous_3)
FNDA:0,(anonymous_4)
FNDA:0,(anonymous_5)
FNDA:0,(anonymous_6)
DA:6,4
DA:7,79
DA:8,79
DA:10,79
DA:11,0
DA:14,79
DA:16,0
DA:17,0
DA:19,0
DA:22,79
DA:23,0
DA:24,0
DA:25,0
DA:28,79
DA:29,0
DA:30,0
DA:31,0
DA:34,79
DA:35,0
DA:36,0
DA:37,0
DA:40,79
DA:41,0
DA:44,79
DA:56,79
LF:25
LH:11
BRDA:16,0,0,0
BRDA:16,0,1,0
BRDA:16,1,0,0
BRDA:16,1,1,0
BRDA:60,2,0,0
BRDA:60,2,1,79
BRDA:73,3,0,79
BRDA:73,3,1,0
BRF:8
BRH:2
end_of_record
TN:
SF:src/components/MovieDetail/MovieDetail.jsx
FN:5,(anonymous_0)
FN:10,(anonymous_1)
FNF:2
FNH:1
FNDA:4,(anonymous_0)
FNDA:0,(anonymous_1)
DA:5,2
DA:6,4
DA:8,0
DA:10,0
LF:4
LH:2
BRDA:6,0,0,4
BRDA:6,0,1,0
BRDA:6,1,0,4
BRDA:6,1,1,0
BRF:4
BRH:2
end_of_record
TN:
SF:src/components/MovieGrid/MovieGrid.jsx
FN:5,(anonymous_0)
FN:12,(anonymous_1)
FN:16,(anonymous_2)
FN:26,(anonymous_3)
FN:53,(anonymous_4)
FNF:5
FNH:3
FNDA:7,(anonymous_0)
FNDA:49,(anonymous_1)
FNDA:0,(anonymous_2)
FNDA:0,(anonymous_3)
FNDA:78,(anonymous_4)
DA:5,3
DA:6,7
DA:8,7
DA:13,49
DA:16,0
DA:26,0
DA:54,78
LF:7
LH:5
BRDA:15,0,0,7
BRDA:15,0,1,42
BRDA:39,1,0,5
BRDA:39,1,1,2
BRDA:40,2,0,7
BRDA:40,2,1,0
BRDA:46,3,0,1
BRDA:46,3,1,6
BRF:8
BRH:7
end_of_record
TN:
SF:src/components/SearchSection/SearchSection.jsx
FN:4,(anonymous_0)
FN:7,(anonymous_1)
FN:14,(anonymous_2)
FN:19,(anonymous_3)
FNF:4
FNH:1
FNDA:5,(anonymous_0)
FNDA:0,(anonymous_1)
FNDA:0,(anonymous_2)
FNDA:0,(anonymous_3)
DA:4,3
DA:5,5
DA:7,5
DA:8,0
DA:9,0
DA:11,0
DA:14,5
DA:15,0
DA:16,0
DA:19,5
DA:20,0
DA:21,0
DA:24,5
LF:13
LH:6
BRDA:39,0,0,5
BRDA:39,0,1,0
BRF:2
BRH:1
end_of_record
TN:
SF:src/components/SuccessModal/SuccessModal.jsx
FN:5,(anonymous_0)
FN:6,(anonymous_1)
FN:8,(anonymous_2)
FN:12,(anonymous_3)
FNF:4
FNH:2
FNDA:4,(anonymous_0)
FNDA:4,(anonymous_1)
FNDA:0,(anonymous_2)
FNDA:0,(anonymous_3)
DA:5,2
DA:6,4
DA:7,4
DA:8,0
DA:9,0
DA:12,0
DA:16,4
DA:18,0
LF:8
LH:4
BRDA:5,0,0,0
BRDA:7,1,0,0
BRDA:7,1,1,4
BRDA:16,2,0,4
BRDA:16,2,1,0
BRF:5
BRH:2
end_of_record
TN:
SF:src/utils/testUtils.js
FN:35,(anonymous_0)
FNF:1
FNH:0
FNDA:0,(anonymous_0)
DA:5,3
DA:18,3
DA:35,3
DA:36,0
LF:4
LH:3
BRDA:35,0,0,0
BRF:1
BRH:0
end_of_record
